
> @pancakeswap/wagmi@2.0.0 build E:\project\pancake-frontend-develop\packages\wagmi
> tsup

[34mCLI[39m Building entry: {"index":"src/index.ts","connectors/miniProgram":"connectors/miniProgram/index.ts","connectors/binanceWallet":"connectors/binanceWallet/index.ts","connectors/blocto":"connectors/blocto/index.ts","connectors/trustWallet":"connectors/trustWallet/index.ts"}
[34mCLI[39m Using tsconfig: tsconfig.json
[34mCLI[39m tsup v6.7.0
[34mCLI[39m Using tsup config: E:\project\pancake-frontend-develop\packages\wagmi\tsup.config.ts
[34mCLI[39m Target: es2015
[34mESM[39m Build start
[34mCJS[39m Build start
[32mCJS[39m [1mdist\chunk-CZIYAYPK.js           [22m[32m2.26 KB[39m
[32mCJS[39m [1mdist\connectors\miniProgram.js   [22m[32m2.46 KB[39m
[32mCJS[39m [1mdist\index.js                    [22m[32m1.30 KB[39m
[32mCJS[39m [1mdist\connectors\trustWallet.js   [22m[32m3.83 KB[39m
[32mCJS[39m [1mdist\connectors\binanceWallet.js [22m[32m3.54 KB[39m
[32mCJS[39m [1mdist\connectors\blocto.js        [22m[32m6.34 KB[39m
[32mCJS[39m ⚡️ Build success in 215ms
[32mESM[39m [1mdist\chunk-WE74IZDZ.mjs           [22m[32m2.12 KB[39m
[32mESM[39m [1mdist\index.mjs                    [22m[32m1.26 KB[39m
[32mESM[39m [1mdist\connectors\miniProgram.mjs   [22m[32m2.40 KB[39m
[32mESM[39m [1mdist\connectors\binanceWallet.mjs [22m[32m3.49 KB[39m
[32mESM[39m [1mdist\connectors\trustWallet.mjs   [22m[32m3.77 KB[39m
[32mESM[39m [1mdist\connectors\blocto.mjs        [22m[32m6.22 KB[39m
[32mESM[39m ⚡️ Build success in 227ms
[34mDTS[39m Build start
[32mDTS[39m ⚡️ Build success in 7277ms
[32mDTS[39m [1mdist\index.d.ts                    [22m[32m530.00 B[39m
[32mDTS[39m [1mdist\connectors\miniProgram.d.ts   [22m[32m817.00 B[39m
[32mDTS[39m [1mdist\connectors\binanceWallet.d.ts [22m[32m1.52 KB[39m
[32mDTS[39m [1mdist\connectors\blocto.d.ts        [22m[32m1.33 KB[39m
[32mDTS[39m [1mdist\connectors\trustWallet.d.ts   [22m[32m949.00 B[39m
