Arguments: 
  C:\Program Files\nodejs\node.exe C:\Program Files\nodejs\node_modules\yarn\bin\yarn.js install

PATH: 
  C:\Windows\system32;C:\Windows;C:\Windows\System32\Wbem;C:\Windows\System32\WindowsPowerShell\v1.0\;C:\Windows\System32\OpenSSH\;C:\Program Files\Git\cmd;C:\Users\Olive\AppData\Roaming\nvm;C:\Program Files\nodejs;C:\Users\Olive\AppData\Local\Microsoft\WindowsApps;C:\Users\Olive\AppData\Local\Programs\Microsoft VS Code\bin;C:\Users\Olive\AppData\Roaming\nvm;C:\Program Files\nodejs

Yarn version: 
  1.22.19

Node version: 
  16.13.0

Platform: 
  win32 x64

Trace: 
  Error: https://registry.yarnpkg.com/@pancakeswap%2fnext-config: Not found
      at Request.params.callback [as _callback] (C:\Users\Olive\AppData\Roaming\nvm\v16.13.0\node_modules\yarn\lib\cli.js:66145:18)
      at Request.self.callback (C:\Users\Olive\AppData\Roaming\nvm\v16.13.0\node_modules\yarn\lib\cli.js:140890:22)
      at Request.emit (node:events:390:28)
      at Request.<anonymous> (C:\Users\Olive\AppData\Roaming\nvm\v16.13.0\node_modules\yarn\lib\cli.js:141862:10)
      at Request.emit (node:events:390:28)
      at IncomingMessage.<anonymous> (C:\Users\Olive\AppData\Roaming\nvm\v16.13.0\node_modules\yarn\lib\cli.js:141784:12)
      at Object.onceWrapper (node:events:509:28)
      at IncomingMessage.emit (node:events:402:35)
      at endReadableNT (node:internal/streams/readable:1343:12)
      at processTicksAndRejections (node:internal/process/task_queues:83:21)

npm manifest: 
  {
    "name": "psbot-backend",
    "version": "0.1.0",
    "private": true,
    "workspaces": [
      "packages/*"
    ],
    "dependencies": {
      "cors": "^2.8.5",
      "discord.js": "^13.3.1",
      "dotenv": "^10.0.0",
      "express": "^4.17.1",
      "express-validator": "^6.13.0",
      "fs": "^0.0.1-security",
      "helmet": "^5.0.2",
      "jsonwebtoken": "^8.5.1",
      "knex": "^0.95.14",
      "moralis": "^2.22.3",
      "mysql": "^2.18.1",
      "mysql2": "^2.3.2",
      "node-gyp-build": "^4.3.0",
      "pg": "^8.7.1",
      "request": "^2.88.2",
      "sequelize": "^5.21.2",
      "ws": "^8.9.0",
      "xhr2": "^0.2.1",
      "@pancakeswap/sdk": "workspace:*",
      "@pancakeswap/v3-sdk": "workspace:*",
      "typescript": "^5.1.3"
    },
    "devDependencies": {
      "nodemon": "^2.0.14",
      "@pancakeswap/tsconfig": "*",
      "@pancakeswap/next-config": "workspace:*"
    }
  }

yarn manifest: 
  No manifest

Lockfile: 
  No lockfile
