
> @pancakeswap/smart-router@4.3.4 build E:\project\pancake-frontend-develop\packages\smart-router
> tsup

[34mCLI[39m Building entry: {"evm":"evm/index.ts","legacy-router":"legacy-router/index.ts"}
[34mCLI[39m Using tsconfig: tsconfig.json
[34mCLI[39m tsup v6.7.0
[34mCLI[39m Using tsup config: E:\project\pancake-frontend-develop\packages\smart-router\tsup.config.ts
[34mCLI[39m Target: es2020
[34mCLI[39m Cleaning output folder
[34mESM[39m Build start
[34mCJS[39m Build start
"Fraction" is imported from external module "@pancakeswap/swap-sdk-core" but never used in "dist/evm.mjs".
"Native" is imported from external module "@pancakeswap/sdk" but never used in "dist/chunk-XPOQSQZO.mjs".
"Fraction" is imported from external module "@pancakeswap/swap-sdk-core" but never used in "dist/evm.js".
"Native" is imported from external module "@pancakeswap/sdk" but never used in "dist/chunk-CXEEPHXO.js".
[32mESM[39m [1mdist\evm.mjs            [22m[32m190.36 KB[39m
[32mESM[39m [1mdist\chunk-XPOQSQZO.mjs [22m[32m47.11 KB[39m
[32mESM[39m [1mdist\legacy-router.mjs  [22m[32m27.52 KB[39m
[32mESM[39m ⚡️ Build success in 866ms
[32mCJS[39m [1mdist\chunk-CXEEPHXO.js [22m[32m49.01 KB[39m
[32mCJS[39m [1mdist\evm.js            [22m[32m196.46 KB[39m
[32mCJS[39m [1mdist\legacy-router.js  [22m[32m28.04 KB[39m
[32mCJS[39m ⚡️ Build success in 866ms
